<?xml version="1.0" encoding="UTF-8"?>
<!-- Generated by org.testng.reporters.JUnitReportReporter -->
<testsuite skipped="0" hostname="aks-lenovo" name="Practice.ExecuteUpdate" tests="1" failures="0" timestamp="2021-09-27T21:33:13 IST" time="0.013" errors="0">
  <testcase name="executeQuery" time="0.013" classname="Practice.ExecuteUpdate"/>
  <system-out/>
</testsuite> <!-- Practice.ExecuteUpdate -->
