<?xml version="1.0" encoding="UTF-8"?>
<!-- Generated by org.testng.reporters.JUnitReportReporter -->
<testsuite skipped="0" hostname="aks-lenovo" name="GenericUtils.ReadDataFromJsonFile" tests="1" failures="0" timestamp="2021-09-27T11:03:51 IST" time="0.024" errors="0">
  <testcase name="readDataFromJSON" time="0.024" classname="GenericUtils.ReadDataFromJsonFile"/>
  <system-out/>
</testsuite> <!-- GenericUtils.ReadDataFromJsonFile -->
