<?xml version="1.0" encoding="UTF-8"?>
<!-- Generated by org.testng.reporters.JUnitReportReporter -->
<testsuite skipped="0" hostname="aks-lenovo" name="Practice.Contact" tests="1" failures="0" timestamp="2021-09-27T10:55:42 IST" time="0.012" errors="0">
  <testcase name="org" time="0.012" classname="Practice.Contact"/>
  <system-out/>
</testsuite> <!-- Practice.Contact -->
