<?xml version="1.0" encoding="UTF-8"?>
<!-- Generated by org.testng.reporters.JUnitReportReporter -->
<testsuite skipped="0" hostname="aks-lenovo" name="Practice.Person" tests="1" failures="0" timestamp="2021-09-23T18:06:59 IST" time="0.001" errors="0">
  <testcase name="der" time="0.001" classname="Practice.Person"/>
  <system-out/>
</testsuite> <!-- Practice.Person -->
