<?xml version="1.0" encoding="UTF-8"?>
<!-- Generated by org.testng.reporters.JUnitReportReporter -->
<testsuite skipped="0" hostname="aks-lenovo" name="Practice.ExecuteQuery" tests="1" failures="0" timestamp="2021-09-27T15:12:44 IST" time="0.270" errors="0">
  <testcase name="executeQuery" time="0.270" classname="Practice.ExecuteQuery"/>
  <system-out/>
</testsuite> <!-- Practice.ExecuteQuery -->
