<?xml version="1.0" encoding="UTF-8"?>
<!-- Generated by org.testng.reporters.JUnitReportReporter -->
<testsuite skipped="0" hostname="aks-lenovo" name="GenericUtils.ReadDataFromJsonFileNotGeneric" tests="1" failures="0" timestamp="2021-09-27T10:55:06 IST" time="0.013" errors="0">
  <testcase name="getDataFromJson" time="0.013" classname="GenericUtils.ReadDataFromJsonFileNotGeneric"/>
  <system-out/>
</testsuite> <!-- GenericUtils.ReadDataFromJsonFileNotGeneric -->
